#-----------------------------------------------------------
# Vivado v2024.2 (64-bit)
# SW Build 5239630 on Fri Nov 08 22:35:27 MST 2024
# IP Build 5239520 on Sun Nov 10 16:12:51 MST 2024
# SharedData Build 5239561 on Fri Nov 08 14:39:27 MST 2024
# Start of session at: Tue Mar 11 17:03:40 2025
# Process ID         : 9408
# Current directory  : C:/dev/fpga/cmod_s7/Cmod-S7-OOB-hw.xpr/hw
# Command line       : vivado.exe -gui_launcher_event rodinguilauncherevent11336 C:\dev\fpga\cmod_s7\Cmod-S7-OOB-hw.xpr\hw\hw.xpr
# Log file           : C:/dev/fpga/cmod_s7/Cmod-S7-OOB-hw.xpr/hw/vivado.log
# Journal file       : C:/dev/fpga/cmod_s7/Cmod-S7-OOB-hw.xpr/hw\vivado.jou
# Running On         : DESKTOP-91CSLS9
# Platform           : Windows Server 2016 or Windows 10
# Operating System   : 19045
# Processor Detail   : Intel(R) Core(TM) i7-3770 CPU @ 3.40GHz
# CPU Frequency      : 3410 MHz
# CPU Physical cores : 4
# CPU Logical cores  : 8
# Host memory        : 17132 MB
# Swap memory        : 2550 MB
# Total Virtual      : 19682 MB
# Available Virtual  : 10522 MB
#-----------------------------------------------------------
start_gui
open_project C:/dev/fpga/cmod_s7/Cmod-S7-OOB-hw.xpr/hw/hw.xpr
INFO: [Project 1-313] Project file moved from '/home/ciprian/Documents/Github/Cmod-S7/hw/scripts/.Xil/Vivado-471712-K-Legion/PrjAr/_X_' since last save.
WARNING: [filemgmt 56-2] IP Repository Path: Could not find the directory 'C:/repo', nor could it be found using path 'C:/home/ciprian/Documents/Github/Cmod-S7/hw/repo'.
Scanning sources...
Finished scanning sources
INFO: [Project 1-230] Project 'hw.xpr' upgraded for this version of Vivado.
INFO: [IP_Flow 19-234] Refreshing IP repositories
WARNING: [IP_Flow 19-2248] Failed to load user IP repository 'c:/repo'; Can't find the specified path.
If this directory should no longer be in your list of user repositories, go to the IP Settings dialog and remove it.
INFO: [IP_Flow 19-2313] Loaded Vivado IP repository 'D:/Xilinx/Vivado/2024.2/data/ip'.
open_project: Time (s): cpu = 00:00:19 ; elapsed = 00:00:12 . Memory (MB): peak = 1201.066 ; gain = 85.078
upgrade_project -migrate_output_products
update_compile_order -fileset sources_1
reset_run synth_1
launch_runs synth_1 -jobs 4
[Tue Mar 11 17:06:01 2025] Launched synth_1...
Run output will be captured here: C:/dev/fpga/cmod_s7/Cmod-S7-OOB-hw.xpr/hw/hw.runs/synth_1/runme.log
launch_runs impl_1 -jobs 4
[Tue Mar 11 17:07:20 2025] Launched impl_1...
Run output will be captured here: C:/dev/fpga/cmod_s7/Cmod-S7-OOB-hw.xpr/hw/hw.runs/impl_1/runme.log
launch_runs impl_1 -to_step write_bitstream -jobs 4
[Tue Mar 11 17:09:43 2025] Launched impl_1...
Run output will be captured here: C:/dev/fpga/cmod_s7/Cmod-S7-OOB-hw.xpr/hw/hw.runs/impl_1/runme.log
open_hw_manager
INFO: [Labtools 27-2285] Connecting to hw_server url TCP:localhost:3121
INFO: [Labtools 27-2222] Launching hw_server...
INFO: [Labtools 27-2221] Launch Output:

****** Xilinx hw_server v2024.2
  **** Build date : Oct 29 2024 at 10:25:41
    ** Copyright 1986-2022 Xilinx, Inc. All Rights Reserved.


INFO: [Labtools 27-3415] Connecting to cs_server url TCP:localhost:0
INFO: [Labtools 27-3417] Launching cs_server...
INFO: [Labtools 27-2221] Launch Output:


******** Xilinx cs_server v2024.2.0
  ****** Build date   : Oct 30 2024-19:19:07
    **** Build number : 2024.2.1730312347
      ** Copyright 2017-2022 Xilinx, Inc. All Rights Reserved.
      ** Copyright 2022-2025 Advanced Micro Devices, Inc. All Rights Reserved.



connect_hw_server: Time (s): cpu = 00:00:00 ; elapsed = 00:00:09 . Memory (MB): peak = 1224.188 ; gain = 17.453
connect_hw_server -url localhost:3121 -allow_non_jtag
INFO: [Labtools 27-2285] Connecting to hw_server url TCP:localhost:3121
INFO: [Labtools 27-3415] Connecting to cs_server url TCP:localhost:0
INFO: [Labtools 27-3417] Launching cs_server...
INFO: [Labtools 27-2221] Launch Output:


******** Xilinx cs_server v2024.2.0
  ****** Build date   : Oct 30 2024-19:19:07
    **** Build number : 2024.2.1730312347
      ** Copyright 2017-2022 Xilinx, Inc. All Rights Reserved.
      ** Copyright 2022-2025 Advanced Micro Devices, Inc. All Rights Reserved.



current_hw_target [get_hw_targets */xilinx_tcf/Digilent/210376B7D926A]
set_property PARAM.FREQUENCY 15000000 [get_hw_targets */xilinx_tcf/Digilent/210376B7D926A]
open_hw_target
INFO: [Labtoolstcl 44-466] Opening hw_target localhost:3121/xilinx_tcf/Digilent/210376B7D926A
set_property PROGRAM.FILE {C:/dev/fpga/cmod_s7/Cmod-S7-OOB-hw.xpr/hw/hw.runs/impl_1/top.bit} [get_hw_devices xc7s25_0]
current_hw_device [get_hw_devices xc7s25_0]
refresh_hw_device -update_hw_probes false [lindex [get_hw_devices xc7s25_0] 0]
INFO: [Labtools 27-1434] Device xc7s25 (JTAG device index = 0) is programmed with a design that has no supported debug core(s) in it.
set_property PROBES.FILE {} [get_hw_devices xc7s25_0]
set_property FULL_PROBES.FILE {} [get_hw_devices xc7s25_0]
set_property PROGRAM.FILE {C:/dev/fpga/cmod_s7/Cmod-S7-OOB-hw.xpr/hw/hw.runs/impl_1/top.bit} [get_hw_devices xc7s25_0]
program_hw_devices [get_hw_devices xc7s25_0]
INFO: [Labtools 27-3164] End of startup status: HIGH
refresh_hw_device [lindex [get_hw_devices xc7s25_0] 0]
INFO: [Labtools 27-1434] Device xc7s25 (JTAG device index = 0) is programmed with a design that has no supported debug core(s) in it.
ERROR: [Labtoolstcl 44-513] HW Target shutdown. Closing target: localhost:3121/xilinx_tcf/Digilent/210376B7D926A
INFO: [Labtoolstcl 44-466] Opening hw_target localhost:3121/xilinx_tcf/Digilent/210376B7D926A
INFO: [Labtools 27-1434] Device xc7s25 (JTAG device index = 0) is programmed with a design that has no supported debug core(s) in it.
WARNING: [Labtoolstcl 44-129] No matching hw_ila_data was found.
close_project
xhub::refresh_catalog [xhub::get_xstores xilinx_board_store]
xhub::refresh_catalog: Time (s): cpu = 00:00:03 ; elapsed = 00:01:04 . Memory (MB): peak = 1305.824 ; gain = 0.000
set_param board.repoPaths {C:/Users/user9/AppData/Roaming/Xilinx/Vivado/2024.2/xhub/board_store/xilinx_board_store}
xhub::install [xhub::get_xitems digilentinc.com:xilinx_board_store:cmod-s7-25:1.0]
INFO: [xhubtcl-76-32]  
INFO: [Common 17-1570] Installing object digilentinc.com:xilinx_board_store:cmod-s7-25:1.0 from remote host https://github.com/Xilinx/XilinxBoardStore.git
INFO: [Common 17-1573] Object digilentinc.com:xilinx_board_store:cmod-s7-25:1.0 has been installed successfully.
xhub::install: Time (s): cpu = 00:00:01 ; elapsed = 00:00:05 . Memory (MB): peak = 1305.824 ; gain = 0.000
create_project UART C:/dev/fpga/cmod_s7/UART -part xc7s25csga225-1
INFO: [IP_Flow 19-234] Refreshing IP repositories
INFO: [IP_Flow 19-1704] No user IP repositories specified
INFO: [IP_Flow 19-2313] Loaded Vivado IP repository 'D:/Xilinx/Vivado/2024.2/data/ip'.
set_property board_part digilentinc.com:cmod-s7-25:part0:1.0 [current_project]
add_files -fileset constrs_1 -norecurse C:/Users/user9/Downloads/Cmod-S7-25-Master.xdc
exit
INFO: [Common 17-206] Exiting Vivado at Tue Mar 11 17:52:42 2025...
